<?xml version="1.0" encoding="UTF-8"?>
<testsuite xmlns:xsi="http://www.w3.org/2001/XMLSchema-instance" xsi:noNamespaceSchemaLocation="https://maven.apache.org/surefire/maven-surefire-plugin/xsd/surefire-test-report.xsd" version="3.0.2" name="hellocucumber.RunCucumberTest" time="0.879" tests="2" errors="0" skipped="0" failures="0">
  <properties>
[...]
</properties>
  <testcase name="An example - The example" classname="An example" time="0.745">
    <system-out><![CDATA[
Scenario: The example                       &amp#27;[90m# hellocucumber/example.feature:3&amp#27;[0m
  &amp#27;[32mGiven &amp#27;[0m&amp#27;[32man example scenario&amp#27;[0m                 &amp#27;[90m# hellocucumber.StepDefinitions.anExampleScenario()&amp#27;[0m
  &amp#27;[32mWhen &amp#27;[0m&amp#27;[32mall step definitions are implemented&amp#27;[0m &amp#27;[90m# hellocucumber.StepDefinitions.allStepDefinitionsAreImplemented()&amp#27;[0m
  &amp#27;[32mThen &amp#27;[0m&amp#27;[32mthe scenario passes&amp#27;[0m                  &amp#27;[90m# hellocucumber.StepDefinitions.theScenarioPasses()&amp#27;[0m
]]></system-out>
    <system-err><![CDATA[Mockito is currently self-attaching to enable the inline-mock-maker. This will no longer work in future releases of the JDK. Please add Mockito as an agent to your build as described in Mockito's documentation: https://javadoc.io/doc/org.mockito/mockito-core/latest/org/mockito/Mockito.html#0.3
WARNING: A Java agent has been loaded dynamically (/home/kashiba/.m2/repository/net/bytebuddy/byte-buddy-agent/1.15.11/byte-buddy-agent-1.15.11.jar)
WARNING: If a serviceability tool is in use, please run with -XX:+EnableDynamicAgentLoading to hide this warning
WARNING: If a serviceability tool is not in use, please run with -Djdk.instrument.traceUsage for more information
WARNING: Dynamic loading of agents will be disallowed by default in a future release
]]></system-err>
  </testcase>
  <testcase name="An example - 口座からお金を引き出す" classname="An example" time="0.059">
    <system-out><![CDATA[
Scenario: 口座からお金を引き出す      &amp#27;[90m# hellocucumber/example.feature:8&amp#27;[0m
  &amp#27;[32mGiven &amp#27;[0m&amp#27;[32m口座残高が&amp#27;[0m&amp#27;[32m&amp#27;[1m1000&amp#27;[0m&amp#27;[32m円である&amp#27;[0m      &amp#27;[90m# hellocucumber.StepDefinitions.givenInitialBalance(int)&amp#27;[0m
  &amp#27;[32mAnd &amp#27;[0m&amp#27;[32m引き出し金額が&amp#27;[0m&amp#27;[32m&amp#27;[1m500&amp#27;[0m&amp#27;[32m円である&amp#27;[0m       &amp#27;[90m# hellocucumber.StepDefinitions.givenWithdrawAmount(int)&amp#27;[0m
  &amp#27;[32mWhen &amp#27;[0m&amp#27;[32mお金を引き出す&amp#27;[0m             &amp#27;[90m# hellocucumber.StepDefinitions.when()&amp#27;[0m
#### OK?
  &amp#27;[32mThen &amp#27;[0m&amp#27;[32m口座残高は&amp#27;[0m&amp#27;[32m&amp#27;[1m500&amp#27;[0m&amp#27;[32m円になる&amp#27;[0m        &amp#27;[90m# hellocucumber.StepDefinitions.thenBalance(int)&amp#27;[0m
  &amp#27;[32mAnd &amp#27;[0m&amp#27;[32m銀行サービスは引き出し処理を&amp#27;[0m&amp#27;[32m&amp#27;[1m1&amp#27;[0m&amp#27;[32m回呼び出す&amp#27;[0m &amp#27;[90m# hellocucumber.StepDefinitions.thenVerifyCall(int)&amp#27;[0m
]]></system-out>
  </testcase>
</testsuite>